<?xml version="1.0" encoding="UTF-8"?>
<!-- Generated by org.testng.reporters.JUnitXMLReporter -->
<testsuite hostname="LAPTOP-HBBSHIBP" name="IMD Sample Automation Test Cases" tests="10" failures="0" timestamp="8 Dec 2019 15:06:29 GMT" time="124.533" errors="0">
  <testcase name="loginPageTitleTest" time="0.028" classname="com.imd.qa.testcases.LoginPageTest"/>
  <testcase name="loginFailureMessageTest" time="1.152" classname="com.imd.qa.testcases.LoginPageTest"/>
  <testcase name="loginSuccessMessageTest" time="1.458" classname="com.imd.qa.testcases.LoginPageTest"/>
  <testcase name="secureAreaPageTitleTest" time="0.015" classname="com.imd.qa.testcases.SecureAreaPageTest"/>
  <testcase name="loginSuccessMessageTest" time="0.061" classname="com.imd.qa.testcases.SecureAreaPageTest"/>
  <testcase name="validateJSConfirmOkButtonClickTest" time="10.301" classname="com.imd.qa.testcases.JavaScriptAlertsPageTest"/>
  <testcase name="validateJSPromptCancelButtonClickTest" time="4.309" classname="com.imd.qa.testcases.JavaScriptAlertsPageTest"/>
  <testcase name="validateJSPromptOkButtonClickTest" time="8.341" classname="com.imd.qa.testcases.JavaScriptAlertsPageTest"/>
  <testcase name="validateFileUploadConfirmMessageTest" time="6.183" classname="com.imd.qa.testcases.FileUploadPageTest"/>
  <testcase name="validateiFrameEnteredTextTest" time="1.43" classname="com.imd.qa.testcases.FramePageTest"/>
</testsuite> <!-- IMD Sample Automation Test Cases -->
